<?xml version="1.0" encoding="UTF-8"?>
<testsuite name="com.example.demo.TeresitaApplicationTests" tests="1" skipped="0" failures="0" errors="0" timestamp="2024-05-03T21:04:25" hostname="DESKTOP-HSP37NS" time="0.019">
  <properties/>
  <testcase name="contextLoads()" classname="com.example.demo.TeresitaApplicationTests" time="0.019"/>
  <system-out><![CDATA[]]></system-out>
  <system-err><![CDATA[]]></system-err>
</testsuite>
